Flow report for fifo
Sat Jun 02 19:36:50 2018
Quartus II 64-Bit Version 14.1.0 Build 186 12/03/2014 SJ Web Edition


---------------------
; Table of Contents ;
---------------------
  1. Legal Notice
  2. Flow Summary
  3. Flow Settings
  4. Flow Non-Default Global Settings
  5. Flow Elapsed Time
  6. Flow OS Summary
  7. Flow Log
  8. Flow Messages
  9. Flow Suppressed Messages



----------------
; Legal Notice ;
----------------
Copyright (C) 1991-2014 Altera Corporation. All rights reserved.
Your use of Altera Corporation's design tools, logic functions 
and other software and tools, and its AMPP partner logic 
functions, and any output files from any of the foregoing 
(including device programming or simulation files), and any 
associated documentation or information are expressly subject 
to the terms and conditions of the Altera Program License 
Subscription Agreement, the Altera Quartus II License Agreement,
the Altera MegaCore Function License Agreement, or other 
applicable license agreement, including, without limitation, 
that your use is for the sole purpose of programming logic 
devices manufactured by Altera and sold by Altera or its 
authorized distributors.  Please refer to the applicable 
agreement for further details.



+------------------------------------------------------------------------------+
; Flow Summary                                                                 ;
+---------------------------------+--------------------------------------------+
; Flow Status                     ; Successful - Sat Jun 02 19:36:50 2018      ;
; Quartus II 64-Bit Version       ; 14.1.0 Build 186 12/03/2014 SJ Web Edition ;
; Revision Name                   ; fifo                                       ;
; Top-level Entity Name           ; FIFOBuffer                                 ;
; Family                          ; Cyclone V                                  ;
; Device                          ; 5CSEMA6F31C7                               ;
; Timing Models                   ; Final                                      ;
; Logic utilization (in ALMs)     ; 31 / 41,910 ( < 1 % )                      ;
; Total registers                 ; 54                                         ;
; Total pins                      ; 31 / 457 ( 7 % )                           ;
; Total virtual pins              ; 0                                          ;
; Total block memory bits         ; 96 / 5,662,720 ( < 1 % )                   ;
; Total DSP Blocks                ; 0 / 112 ( 0 % )                            ;
; Total HSSI RX PCSs              ; 0                                          ;
; Total HSSI PMA RX Deserializers ; 0                                          ;
; Total HSSI TX PCSs              ; 0                                          ;
; Total HSSI PMA TX Serializers   ; 0                                          ;
; Total PLLs                      ; 0 / 6 ( 0 % )                              ;
; Total DLLs                      ; 0 / 4 ( 0 % )                              ;
+---------------------------------+--------------------------------------------+


+-----------------------------------------+
; Flow Settings                           ;
+-------------------+---------------------+
; Option            ; Setting             ;
+-------------------+---------------------+
; Start date & time ; 06/02/2018 19:32:16 ;
; Main task         ; Compilation         ;
; Revision Name     ; fifo                ;
+-------------------+---------------------+


+---------------------------------------------------------------------------------------------------------------------+
; Flow Non-Default Global Settings                                                                                    ;
+-------------------------------------+--------------------------------+---------------+-------------+----------------+
; Assignment Name                     ; Value                          ; Default Value ; Entity Name ; Section Id     ;
+-------------------------------------+--------------------------------+---------------+-------------+----------------+
; COMPILER_SIGNATURE_ID               ; 79515806879175.152795713609344 ; --            ; --          ; --             ;
; EDA_OUTPUT_DATA_FORMAT              ; Verilog Hdl                    ; --            ; --          ; eda_simulation ;
; EDA_SIMULATION_TOOL                 ; ModelSim-Altera (Verilog)      ; <None>        ; --          ; --             ;
; MAX_CORE_JUNCTION_TEMP              ; 85                             ; --            ; --          ; --             ;
; MIN_CORE_JUNCTION_TEMP              ; 0                              ; --            ; --          ; --             ;
; PARTITION_COLOR                     ; 16764057                       ; --            ; FIFOBuffer  ; Top            ;
; PARTITION_FITTER_PRESERVATION_LEVEL ; PLACEMENT_AND_ROUTING          ; --            ; FIFOBuffer  ; Top            ;
; PARTITION_NETLIST_TYPE              ; SOURCE                         ; --            ; FIFOBuffer  ; Top            ;
; PROJECT_OUTPUT_DIRECTORY            ; output_files                   ; --            ; --          ; --             ;
; TOP_LEVEL_ENTITY                    ; FIFOBuffer                     ; fifo          ; --          ; --             ;
+-------------------------------------+--------------------------------+---------------+-------------+----------------+


+-------------------------------------------------------------------------------------------------------------------------------+
; Flow Elapsed Time                                                                                                             ;
+---------------------------+--------------+-------------------------+---------------------+------------------------------------+
; Module Name               ; Elapsed Time ; Average Processors Used ; Peak Virtual Memory ; Total CPU Time (on all processors) ;
+---------------------------+--------------+-------------------------+---------------------+------------------------------------+
; Analysis & Synthesis      ; 00:00:10     ; 1.0                     ; 657 MB              ; 00:00:25                           ;
; Fitter                    ; 00:00:49     ; 1.0                     ; 2054 MB             ; 00:00:55                           ;
; Assembler                 ; 00:00:09     ; 1.0                     ; 687 MB              ; 00:00:09                           ;
; TimeQuest Timing Analyzer ; 00:00:08     ; 1.0                     ; 1020 MB             ; 00:00:08                           ;
; EDA Netlist Writer        ; 00:00:01     ; 1.0                     ; 602 MB              ; 00:00:01                           ;
; EDA Netlist Writer        ; 00:00:01     ; 1.0                     ; 592 MB              ; 00:00:01                           ;
; EDA Netlist Writer        ; 00:00:01     ; 1.0                     ; 596 MB              ; 00:00:01                           ;
; Total                     ; 00:01:19     ; --                      ; --                  ; 00:01:40                           ;
+---------------------------+--------------+-------------------------+---------------------+------------------------------------+


+----------------------------------------------------------------------------------------+
; Flow OS Summary                                                                        ;
+---------------------------+------------------+-----------+------------+----------------+
; Module Name               ; Machine Hostname ; OS Name   ; OS Version ; Processor type ;
+---------------------------+------------------+-----------+------------+----------------+
; Analysis & Synthesis      ; ETPC             ; Windows 7 ; 6.2        ; x86_64         ;
; Fitter                    ; ETPC             ; Windows 7 ; 6.2        ; x86_64         ;
; Assembler                 ; ETPC             ; Windows 7 ; 6.2        ; x86_64         ;
; TimeQuest Timing Analyzer ; ETPC             ; Windows 7 ; 6.2        ; x86_64         ;
; EDA Netlist Writer        ; ETPC             ; Windows 7 ; 6.2        ; x86_64         ;
; EDA Netlist Writer        ; ETPC             ; Windows 7 ; 6.2        ; x86_64         ;
; EDA Netlist Writer        ; ETPC             ; Windows 7 ; 6.2        ; x86_64         ;
+---------------------------+------------------+-----------+------------+----------------+


------------
; Flow Log ;
------------
quartus_map --read_settings_files=on --write_settings_files=off fifo -c fifo
quartus_fit --read_settings_files=off --write_settings_files=off fifo -c fifo
quartus_asm --read_settings_files=off --write_settings_files=off fifo -c fifo
quartus_sta fifo -c fifo
quartus_eda --read_settings_files=off --write_settings_files=off fifo -c fifo
quartus_eda --gen_testbench --check_outputs=on --tool=modelsim_oem --format=verilog --write_settings_files=off fifo -c fifo --vector_source=C:/Users/Erdem/Documents/GitHub/EE314_Project/quartus/fifo/Waveform1.vwf --testbench_file=C:/Users/Erdem/Documents/GitHub/EE314_Project/quartus/fifo/simulation/qsim/Waveform1.vwf.vt
quartus_eda --write_settings_files=off --functional=on --flatten_buses=off --simulation=on --tool=modelsim_oem --format=verilog --output_directory=C:/Users/Erdem/Documents/GitHub/EE314_Project/quartus/fifo/simulation/qsim/ fifo -c fifo



