Analysis & Synthesis report for fifo
Sat Jun 02 19:32:26 2018
Quartus II 64-Bit Version 14.1.0 Build 186 12/03/2014 SJ Web Edition


---------------------
; Table of Contents ;
---------------------
  1. Legal Notice
  2. Analysis & Synthesis Summary
  3. Analysis & Synthesis Settings
  4. Parallel Compilation
  5. Analysis & Synthesis Source Files Read
  6. Analysis & Synthesis Resource Usage Summary
  7. Analysis & Synthesis Resource Utilization by Entity
  8. Analysis & Synthesis RAM Summary
  9. General Register Statistics
 10. Registers Added for RAM Pass-Through Logic
 11. Multiplexer Restructuring Statistics (Restructuring Performed)
 12. Source assignments for altsyncram:stack_rtl_0|altsyncram_3fo1:auto_generated
 13. Parameter Settings for User Entity Instance: Top-level Entity: |FIFOBuffer
 14. Parameter Settings for Inferred Entity Instance: altsyncram:stack_rtl_0
 15. altsyncram Parameter Settings by Entity Instance
 16. Post-Synthesis Netlist Statistics for Top Partition
 17. Elapsed Time Per Partition
 18. Analysis & Synthesis Messages



----------------
; Legal Notice ;
----------------
Copyright (C) 1991-2014 Altera Corporation. All rights reserved.
Your use of Altera Corporation's design tools, logic functions 
and other software and tools, and its AMPP partner logic 
functions, and any output files from any of the foregoing 
(including device programming or simulation files), and any 
associated documentation or information are expressly subject 
to the terms and conditions of the Altera Program License 
Subscription Agreement, the Altera Quartus II License Agreement,
the Altera MegaCore Function License Agreement, or other 
applicable license agreement, including, without limitation, 
that your use is for the sole purpose of programming logic 
devices manufactured by Altera and sold by Altera or its 
authorized distributors.  Please refer to the applicable 
agreement for further details.



+------------------------------------------------------------------------------+
; Analysis & Synthesis Summary                                                 ;
+---------------------------------+--------------------------------------------+
; Analysis & Synthesis Status     ; Successful - Sat Jun 02 19:32:26 2018      ;
; Quartus II 64-Bit Version       ; 14.1.0 Build 186 12/03/2014 SJ Web Edition ;
; Revision Name                   ; fifo                                       ;
; Top-level Entity Name           ; FIFOBuffer                                 ;
; Family                          ; Cyclone V                                  ;
; Logic utilization (in ALMs)     ; N/A                                        ;
; Total registers                 ; 54                                         ;
; Total pins                      ; 31                                         ;
; Total virtual pins              ; 0                                          ;
; Total block memory bits         ; 96                                         ;
; Total DSP Blocks                ; 0                                          ;
; Total HSSI RX PCSs              ; 0                                          ;
; Total HSSI PMA RX Deserializers ; 0                                          ;
; Total HSSI TX PCSs              ; 0                                          ;
; Total HSSI PMA TX Serializers   ; 0                                          ;
; Total PLLs                      ; 0                                          ;
; Total DLLs                      ; 0                                          ;
+---------------------------------+--------------------------------------------+


+---------------------------------------------------------------------------------------------------------------------------+
; Analysis & Synthesis Settings                                                                                             ;
+---------------------------------------------------------------------------------+--------------------+--------------------+
; Option                                                                          ; Setting            ; Default Value      ;
+---------------------------------------------------------------------------------+--------------------+--------------------+
; Device                                                                          ; 5CSEMA6F31C7       ;                    ;
; Top-level entity name                                                           ; FIFOBuffer         ; fifo               ;
; Family name                                                                     ; Cyclone V          ; Cyclone IV GX      ;
; Use smart compilation                                                           ; Off                ; Off                ;
; Enable parallel Assembler and TimeQuest Timing Analyzer during compilation      ; On                 ; On                 ;
; Enable compact report table                                                     ; Off                ; Off                ;
; Restructure Multiplexers                                                        ; Auto               ; Auto               ;
; MLAB Add Timing Constraints For Mixed-Port Feed-Through Mode Setting Don't Care ; Off                ; Off                ;
; Create Debugging Nodes for IP Cores                                             ; Off                ; Off                ;
; Preserve fewer node names                                                       ; On                 ; On                 ;
; Disable OpenCore Plus hardware evaluation                                       ; Off                ; Off                ;
; Verilog Version                                                                 ; Verilog_2001       ; Verilog_2001       ;
; VHDL Version                                                                    ; VHDL_1993          ; VHDL_1993          ;
; State Machine Processing                                                        ; Auto               ; Auto               ;
; Safe State Machine                                                              ; Off                ; Off                ;
; Extract Verilog State Machines                                                  ; On                 ; On                 ;
; Extract VHDL State Machines                                                     ; On                 ; On                 ;
; Ignore Verilog initial constructs                                               ; Off                ; Off                ;
; Iteration limit for constant Verilog loops                                      ; 5000               ; 5000               ;
; Iteration limit for non-constant Verilog loops                                  ; 250                ; 250                ;
; Add Pass-Through Logic to Inferred RAMs                                         ; On                 ; On                 ;
; Infer RAMs from Raw Logic                                                       ; On                 ; On                 ;
; Parallel Synthesis                                                              ; On                 ; On                 ;
; DSP Block Balancing                                                             ; Auto               ; Auto               ;
; NOT Gate Push-Back                                                              ; On                 ; On                 ;
; Power-Up Don't Care                                                             ; On                 ; On                 ;
; Remove Redundant Logic Cells                                                    ; Off                ; Off                ;
; Remove Duplicate Registers                                                      ; On                 ; On                 ;
; Ignore CARRY Buffers                                                            ; Off                ; Off                ;
; Ignore CASCADE Buffers                                                          ; Off                ; Off                ;
; Ignore GLOBAL Buffers                                                           ; Off                ; Off                ;
; Ignore ROW GLOBAL Buffers                                                       ; Off                ; Off                ;
; Ignore LCELL Buffers                                                            ; Off                ; Off                ;
; Ignore SOFT Buffers                                                             ; On                 ; On                 ;
; Limit AHDL Integers to 32 Bits                                                  ; Off                ; Off                ;
; Optimization Technique                                                          ; Balanced           ; Balanced           ;
; Carry Chain Length                                                              ; 70                 ; 70                 ;
; Auto Carry Chains                                                               ; On                 ; On                 ;
; Auto Open-Drain Pins                                                            ; On                 ; On                 ;
; Perform WYSIWYG Primitive Resynthesis                                           ; Off                ; Off                ;
; Auto ROM Replacement                                                            ; On                 ; On                 ;
; Auto RAM Replacement                                                            ; On                 ; On                 ;
; Auto DSP Block Replacement                                                      ; On                 ; On                 ;
; Auto Shift Register Replacement                                                 ; Auto               ; Auto               ;
; Allow Shift Register Merging across Hierarchies                                 ; Auto               ; Auto               ;
; Auto Clock Enable Replacement                                                   ; On                 ; On                 ;
; Strict RAM Replacement                                                          ; Off                ; Off                ;
; Allow Synchronous Control Signals                                               ; On                 ; On                 ;
; Force Use of Synchronous Clear Signals                                          ; Off                ; Off                ;
; Auto Resource Sharing                                                           ; Off                ; Off                ;
; Allow Any RAM Size For Recognition                                              ; Off                ; Off                ;
; Allow Any ROM Size For Recognition                                              ; Off                ; Off                ;
; Allow Any Shift Register Size For Recognition                                   ; Off                ; Off                ;
; Use LogicLock Constraints during Resource Balancing                             ; On                 ; On                 ;
; Ignore translate_off and synthesis_off directives                               ; Off                ; Off                ;
; Timing-Driven Synthesis                                                         ; On                 ; On                 ;
; Report Parameter Settings                                                       ; On                 ; On                 ;
; Report Source Assignments                                                       ; On                 ; On                 ;
; Report Connectivity Checks                                                      ; On                 ; On                 ;
; Ignore Maximum Fan-Out Assignments                                              ; Off                ; Off                ;
; Synchronization Register Chain Length                                           ; 3                  ; 3                  ;
; PowerPlay Power Optimization During Synthesis                                   ; Normal compilation ; Normal compilation ;
; HDL message level                                                               ; Level2             ; Level2             ;
; Suppress Register Optimization Related Messages                                 ; Off                ; Off                ;
; Number of Removed Registers Reported in Synthesis Report                        ; 5000               ; 5000               ;
; Number of Swept Nodes Reported in Synthesis Report                              ; 5000               ; 5000               ;
; Number of Inverted Registers Reported in Synthesis Report                       ; 100                ; 100                ;
; Clock MUX Protection                                                            ; On                 ; On                 ;
; Auto Gated Clock Conversion                                                     ; Off                ; Off                ;
; Block Design Naming                                                             ; Auto               ; Auto               ;
; SDC constraint protection                                                       ; Off                ; Off                ;
; Synthesis Effort                                                                ; Auto               ; Auto               ;
; Shift Register Replacement - Allow Asynchronous Clear Signal                    ; On                 ; On                 ;
; Pre-Mapping Resynthesis Optimization                                            ; Off                ; Off                ;
; Analysis & Synthesis Message Level                                              ; Medium             ; Medium             ;
; Disable Register Merging Across Hierarchies                                     ; Auto               ; Auto               ;
; Resource Aware Inference For Block RAM                                          ; On                 ; On                 ;
; Synthesis Seed                                                                  ; 1                  ; 1                  ;
; Automatic Parallel Synthesis                                                    ; On                 ; On                 ;
; Partial Reconfiguration Bitstream ID                                            ; Off                ; Off                ;
+---------------------------------------------------------------------------------+--------------------+--------------------+


Parallel compilation was disabled, but you have multiple processors available. Enable parallel compilation to reduce compilation time.
+-------------------------------------+
; Parallel Compilation                ;
+----------------------------+--------+
; Processors                 ; Number ;
+----------------------------+--------+
; Number detected on machine ; 8      ;
; Maximum allowed            ; 1      ;
+----------------------------+--------+


+---------------------------------------------------------------------------------------------------------------------------------------------------------------------------------+
; Analysis & Synthesis Source Files Read                                                                                                                                          ;
+----------------------------------+-----------------+------------------------------+-----------------------------------------------------------------------------------+---------+
; File Name with User-Entered Path ; Used in Netlist ; File Type                    ; File Name with Absolute Path                                                      ; Library ;
+----------------------------------+-----------------+------------------------------+-----------------------------------------------------------------------------------+---------+
; FIFOBuffer.v                     ; yes             ; User Verilog HDL File        ; C:/Users/Erdem/Documents/GitHub/EE314_Project/quartus/fifo/FIFOBuffer.v           ;         ;
; altsyncram.tdf                   ; yes             ; Megafunction                 ; d:/altera/14.1/quartus/libraries/megafunctions/altsyncram.tdf                     ;         ;
; stratix_ram_block.inc            ; yes             ; Megafunction                 ; d:/altera/14.1/quartus/libraries/megafunctions/stratix_ram_block.inc              ;         ;
; lpm_mux.inc                      ; yes             ; Megafunction                 ; d:/altera/14.1/quartus/libraries/megafunctions/lpm_mux.inc                        ;         ;
; lpm_decode.inc                   ; yes             ; Megafunction                 ; d:/altera/14.1/quartus/libraries/megafunctions/lpm_decode.inc                     ;         ;
; aglobal141.inc                   ; yes             ; Megafunction                 ; d:/altera/14.1/quartus/libraries/megafunctions/aglobal141.inc                     ;         ;
; a_rdenreg.inc                    ; yes             ; Megafunction                 ; d:/altera/14.1/quartus/libraries/megafunctions/a_rdenreg.inc                      ;         ;
; altrom.inc                       ; yes             ; Megafunction                 ; d:/altera/14.1/quartus/libraries/megafunctions/altrom.inc                         ;         ;
; altram.inc                       ; yes             ; Megafunction                 ; d:/altera/14.1/quartus/libraries/megafunctions/altram.inc                         ;         ;
; altdpram.inc                     ; yes             ; Megafunction                 ; d:/altera/14.1/quartus/libraries/megafunctions/altdpram.inc                       ;         ;
; db/altsyncram_3fo1.tdf           ; yes             ; Auto-Generated Megafunction  ; C:/Users/Erdem/Documents/GitHub/EE314_Project/quartus/fifo/db/altsyncram_3fo1.tdf ;         ;
+----------------------------------+-----------------+------------------------------+-----------------------------------------------------------------------------------+---------+


+---------------------------------------------------------+
; Analysis & Synthesis Resource Usage Summary             ;
+---------------------------------------------+-----------+
; Resource                                    ; Usage     ;
+---------------------------------------------+-----------+
; Estimate of Logic utilization (ALMs needed) ; 30        ;
;                                             ;           ;
; Combinational ALUT usage for logic          ; 31        ;
;     -- 7 input functions                    ; 0         ;
;     -- 6 input functions                    ; 17        ;
;     -- 5 input functions                    ; 4         ;
;     -- 4 input functions                    ; 4         ;
;     -- <=3 input functions                  ; 6         ;
;                                             ;           ;
; Dedicated logic registers                   ; 54        ;
;                                             ;           ;
; I/O pins                                    ; 31        ;
; Total MLAB memory bits                      ; 0         ;
; Total block memory bits                     ; 96        ;
;                                             ;           ;
; Total DSP Blocks                            ; 0         ;
;                                             ;           ;
; Maximum fan-out node                        ; clk~input ;
; Maximum fan-out                             ; 66        ;
; Total fan-out                               ; 479       ;
; Average fan-out                             ; 3.01      ;
+---------------------------------------------+-----------+


+---------------------------------------------------------------------------------------------------------------------------------------------------------------------------------------------------------------------+
; Analysis & Synthesis Resource Utilization by Entity                                                                                                                                                                 ;
+----------------------------------------+-------------------+--------------+-------------------+------------+------+--------------+-------------------------------------------------------------------+--------------+
; Compilation Hierarchy Node             ; LC Combinationals ; LC Registers ; Block Memory Bits ; DSP Blocks ; Pins ; Virtual Pins ; Full Hierarchy Name                                               ; Library Name ;
+----------------------------------------+-------------------+--------------+-------------------+------------+------+--------------+-------------------------------------------------------------------+--------------+
; |FIFOBuffer                            ; 31 (31)           ; 54 (54)      ; 96                ; 0          ; 31   ; 0            ; |FIFOBuffer                                                       ; work         ;
;    |altsyncram:stack_rtl_0|            ; 0 (0)             ; 0 (0)        ; 96                ; 0          ; 0    ; 0            ; |FIFOBuffer|altsyncram:stack_rtl_0                                ; work         ;
;       |altsyncram_3fo1:auto_generated| ; 0 (0)             ; 0 (0)        ; 96                ; 0          ; 0    ; 0            ; |FIFOBuffer|altsyncram:stack_rtl_0|altsyncram_3fo1:auto_generated ; work         ;
+----------------------------------------+-------------------+--------------+-------------------+------------+------+--------------+-------------------------------------------------------------------+--------------+
Note: For table entries with two numbers listed, the numbers in parentheses indicate the number of resources of the given type used by the specific entity alone. The numbers listed outside of parentheses indicate the total resources of the given type used by the specific entity and all of its sub-entities in the hierarchy.


+----------------------------------------------------------------------------------------------------------------------------------------------------------------------+
; Analysis & Synthesis RAM Summary                                                                                                                                     ;
+------------------------------------------------------------------+------+------------------+--------------+--------------+--------------+--------------+------+------+
; Name                                                             ; Type ; Mode             ; Port A Depth ; Port A Width ; Port B Depth ; Port B Width ; Size ; MIF  ;
+------------------------------------------------------------------+------+------------------+--------------+--------------+--------------+--------------+------+------+
; altsyncram:stack_rtl_0|altsyncram_3fo1:auto_generated|ALTSYNCRAM ; AUTO ; Simple Dual Port ; 8            ; 12           ; 8            ; 12           ; 96   ; None ;
+------------------------------------------------------------------+------+------------------+--------------+--------------+--------------+--------------+------+------+


+------------------------------------------------------+
; General Register Statistics                          ;
+----------------------------------------------+-------+
; Statistic                                    ; Value ;
+----------------------------------------------+-------+
; Total registers                              ; 54    ;
; Number of registers using Synchronous Clear  ; 0     ;
; Number of registers using Synchronous Load   ; 0     ;
; Number of registers using Asynchronous Clear ; 26    ;
; Number of registers using Asynchronous Load  ; 0     ;
; Number of registers using Clock Enable       ; 31    ;
; Number of registers using Preset             ; 0     ;
+----------------------------------------------+-------+


+--------------------------------------------+
; Registers Added for RAM Pass-Through Logic ;
+------------------------+-------------------+
; Register Name          ; RAM Name          ;
+------------------------+-------------------+
; stack_rtl_0_bypass[0]  ; stack_rtl_0       ;
; stack_rtl_0_bypass[1]  ; stack_rtl_0       ;
; stack_rtl_0_bypass[2]  ; stack_rtl_0       ;
; stack_rtl_0_bypass[3]  ; stack_rtl_0       ;
; stack_rtl_0_bypass[4]  ; stack_rtl_0       ;
; stack_rtl_0_bypass[5]  ; stack_rtl_0       ;
; stack_rtl_0_bypass[6]  ; stack_rtl_0       ;
; stack_rtl_0_bypass[7]  ; stack_rtl_0       ;
; stack_rtl_0_bypass[8]  ; stack_rtl_0       ;
; stack_rtl_0_bypass[9]  ; stack_rtl_0       ;
; stack_rtl_0_bypass[10] ; stack_rtl_0       ;
; stack_rtl_0_bypass[11] ; stack_rtl_0       ;
; stack_rtl_0_bypass[12] ; stack_rtl_0       ;
; stack_rtl_0_bypass[13] ; stack_rtl_0       ;
; stack_rtl_0_bypass[14] ; stack_rtl_0       ;
; stack_rtl_0_bypass[15] ; stack_rtl_0       ;
; stack_rtl_0_bypass[16] ; stack_rtl_0       ;
; stack_rtl_0_bypass[17] ; stack_rtl_0       ;
; stack_rtl_0_bypass[18] ; stack_rtl_0       ;
+------------------------+-------------------+


+--------------------------------------------------------------------------------------------------------------------------------------------+
; Multiplexer Restructuring Statistics (Restructuring Performed)                                                                             ;
+--------------------+-----------+---------------+----------------------+------------------------+------------+------------------------------+
; Multiplexer Inputs ; Bus Width ; Baseline Area ; Area if Restructured ; Saving if Restructured ; Registered ; Example Multiplexer Output   ;
+--------------------+-----------+---------------+----------------------+------------------------+------------+------------------------------+
; 4:1                ; 4 bits    ; 8 LEs         ; 0 LEs                ; 8 LEs                  ; Yes        ; |FIFOBuffer|ptr_gap[0]       ;
; 5:1                ; 3 bits    ; 9 LEs         ; 0 LEs                ; 9 LEs                  ; Yes        ; |FIFOBuffer|write_ptr[0]     ;
; 5:1                ; 12 bits   ; 36 LEs        ; 24 LEs               ; 12 LEs                 ; Yes        ; |FIFOBuffer|data_out[0]~reg0 ;
; 4:1                ; 3 bits    ; 6 LEs         ; 3 LEs                ; 3 LEs                  ; No         ; |FIFOBuffer|read_ptr         ;
+--------------------+-----------+---------------+----------------------+------------------------+------------+------------------------------+


+------------------------------------------------------------------------------+
; Source assignments for altsyncram:stack_rtl_0|altsyncram_3fo1:auto_generated ;
+---------------------------------+--------------------+------+----------------+
; Assignment                      ; Value              ; From ; To             ;
+---------------------------------+--------------------+------+----------------+
; OPTIMIZE_POWER_DURING_SYNTHESIS ; NORMAL_COMPILATION ; -    ; -              ;
+---------------------------------+--------------------+------+----------------+


+----------------------------------------------------------------------------+
; Parameter Settings for User Entity Instance: Top-level Entity: |FIFOBuffer ;
+-----------------+-------+--------------------------------------------------+
; Parameter Name  ; Value ; Type                                             ;
+-----------------+-------+--------------------------------------------------+
; stack_width     ; 12    ; Signed Integer                                   ;
; stack_height    ; 640   ; Signed Integer                                   ;
; stack_ptr_width ; 3     ; Signed Integer                                   ;
; HF_level        ; 4     ; Signed Integer                                   ;
+-----------------+-------+--------------------------------------------------+
Note: In order to hide this table in the UI and the text report file, please set the "Show Parameter Settings in Synthesis Report" option in "Analysis and Synthesis Settings -> More Settings" to "Off".


+----------------------------------------------------------------------------+
; Parameter Settings for Inferred Entity Instance: altsyncram:stack_rtl_0    ;
+------------------------------------+----------------------+----------------+
; Parameter Name                     ; Value                ; Type           ;
+------------------------------------+----------------------+----------------+
; BYTE_SIZE_BLOCK                    ; 8                    ; Untyped        ;
; AUTO_CARRY_CHAINS                  ; ON                   ; AUTO_CARRY     ;
; IGNORE_CARRY_BUFFERS               ; OFF                  ; IGNORE_CARRY   ;
; AUTO_CASCADE_CHAINS                ; ON                   ; AUTO_CASCADE   ;
; IGNORE_CASCADE_BUFFERS             ; OFF                  ; IGNORE_CASCADE ;
; WIDTH_BYTEENA                      ; 1                    ; Untyped        ;
; OPERATION_MODE                     ; DUAL_PORT            ; Untyped        ;
; WIDTH_A                            ; 12                   ; Untyped        ;
; WIDTHAD_A                          ; 3                    ; Untyped        ;
; NUMWORDS_A                         ; 8                    ; Untyped        ;
; OUTDATA_REG_A                      ; UNREGISTERED         ; Untyped        ;
; ADDRESS_ACLR_A                     ; NONE                 ; Untyped        ;
; OUTDATA_ACLR_A                     ; NONE                 ; Untyped        ;
; WRCONTROL_ACLR_A                   ; NONE                 ; Untyped        ;
; INDATA_ACLR_A                      ; NONE                 ; Untyped        ;
; BYTEENA_ACLR_A                     ; NONE                 ; Untyped        ;
; WIDTH_B                            ; 12                   ; Untyped        ;
; WIDTHAD_B                          ; 3                    ; Untyped        ;
; NUMWORDS_B                         ; 8                    ; Untyped        ;
; INDATA_REG_B                       ; CLOCK1               ; Untyped        ;
; WRCONTROL_WRADDRESS_REG_B          ; CLOCK1               ; Untyped        ;
; RDCONTROL_REG_B                    ; CLOCK1               ; Untyped        ;
; ADDRESS_REG_B                      ; CLOCK0               ; Untyped        ;
; OUTDATA_REG_B                      ; UNREGISTERED         ; Untyped        ;
; BYTEENA_REG_B                      ; CLOCK1               ; Untyped        ;
; INDATA_ACLR_B                      ; NONE                 ; Untyped        ;
; WRCONTROL_ACLR_B                   ; NONE                 ; Untyped        ;
; ADDRESS_ACLR_B                     ; NONE                 ; Untyped        ;
; OUTDATA_ACLR_B                     ; NONE                 ; Untyped        ;
; RDCONTROL_ACLR_B                   ; NONE                 ; Untyped        ;
; BYTEENA_ACLR_B                     ; NONE                 ; Untyped        ;
; WIDTH_BYTEENA_A                    ; 1                    ; Untyped        ;
; WIDTH_BYTEENA_B                    ; 1                    ; Untyped        ;
; RAM_BLOCK_TYPE                     ; AUTO                 ; Untyped        ;
; BYTE_SIZE                          ; 8                    ; Untyped        ;
; READ_DURING_WRITE_MODE_MIXED_PORTS ; OLD_DATA             ; Untyped        ;
; READ_DURING_WRITE_MODE_PORT_A      ; NEW_DATA_NO_NBE_READ ; Untyped        ;
; READ_DURING_WRITE_MODE_PORT_B      ; NEW_DATA_NO_NBE_READ ; Untyped        ;
; INIT_FILE                          ; UNUSED               ; Untyped        ;
; INIT_FILE_LAYOUT                   ; PORT_A               ; Untyped        ;
; MAXIMUM_DEPTH                      ; 0                    ; Untyped        ;
; CLOCK_ENABLE_INPUT_A               ; NORMAL               ; Untyped        ;
; CLOCK_ENABLE_INPUT_B               ; NORMAL               ; Untyped        ;
; CLOCK_ENABLE_OUTPUT_A              ; NORMAL               ; Untyped        ;
; CLOCK_ENABLE_OUTPUT_B              ; NORMAL               ; Untyped        ;
; CLOCK_ENABLE_CORE_A                ; USE_INPUT_CLKEN      ; Untyped        ;
; CLOCK_ENABLE_CORE_B                ; USE_INPUT_CLKEN      ; Untyped        ;
; ENABLE_ECC                         ; FALSE                ; Untyped        ;
; ECC_PIPELINE_STAGE_ENABLED         ; FALSE                ; Untyped        ;
; WIDTH_ECCSTATUS                    ; 3                    ; Untyped        ;
; DEVICE_FAMILY                      ; Cyclone V            ; Untyped        ;
; CBXI_PARAMETER                     ; altsyncram_3fo1      ; Untyped        ;
+------------------------------------+----------------------+----------------+
Note: In order to hide this table in the UI and the text report file, please set the "Show Parameter Settings in Synthesis Report" option in "Analysis and Synthesis Settings -> More Settings" to "Off".


+--------------------------------------------------------------------+
; altsyncram Parameter Settings by Entity Instance                   ;
+-------------------------------------------+------------------------+
; Name                                      ; Value                  ;
+-------------------------------------------+------------------------+
; Number of entity instances                ; 1                      ;
; Entity Instance                           ; altsyncram:stack_rtl_0 ;
;     -- OPERATION_MODE                     ; DUAL_PORT              ;
;     -- WIDTH_A                            ; 12                     ;
;     -- NUMWORDS_A                         ; 8                      ;
;     -- OUTDATA_REG_A                      ; UNREGISTERED           ;
;     -- WIDTH_B                            ; 12                     ;
;     -- NUMWORDS_B                         ; 8                      ;
;     -- ADDRESS_REG_B                      ; CLOCK0                 ;
;     -- OUTDATA_REG_B                      ; UNREGISTERED           ;
;     -- RAM_BLOCK_TYPE                     ; AUTO                   ;
;     -- READ_DURING_WRITE_MODE_MIXED_PORTS ; OLD_DATA               ;
+-------------------------------------------+------------------------+


+-----------------------------------------------------+
; Post-Synthesis Netlist Statistics for Top Partition ;
+-----------------------+-----------------------------+
; Type                  ; Count                       ;
+-----------------------+-----------------------------+
; arriav_ff             ; 54                          ;
;     CLR               ; 7                           ;
;     ENA               ; 12                          ;
;     ENA CLR           ; 19                          ;
;     plain             ; 16                          ;
; arriav_lcell_comb     ; 32                          ;
;     normal            ; 32                          ;
;         0 data inputs ; 1                           ;
;         1 data inputs ; 1                           ;
;         2 data inputs ; 4                           ;
;         3 data inputs ; 1                           ;
;         4 data inputs ; 4                           ;
;         5 data inputs ; 4                           ;
;         6 data inputs ; 17                          ;
; boundary_port         ; 31                          ;
; stratixv_ram_block    ; 12                          ;
;                       ;                             ;
; Max LUT depth         ; 2.00                        ;
; Average LUT depth     ; 1.05                        ;
+-----------------------+-----------------------------+


+-------------------------------+
; Elapsed Time Per Partition    ;
+----------------+--------------+
; Partition Name ; Elapsed Time ;
+----------------+--------------+
; Top            ; 00:00:00     ;
+----------------+--------------+


+-------------------------------+
; Analysis & Synthesis Messages ;
+-------------------------------+
Info: *******************************************************************
Info: Running Quartus II 64-Bit Analysis & Synthesis
    Info: Version 14.1.0 Build 186 12/03/2014 SJ Web Edition
    Info: Processing started: Sat Jun 02 19:32:16 2018
Info: Command: quartus_map --read_settings_files=on --write_settings_files=off fifo -c fifo
Warning (20028): Parallel compilation is not licensed and has been disabled
Warning (12090): Entity "scfifo" obtained from "scfifo.v" instead of from Quartus II megafunction library
Info (12021): Found 1 design units, including 1 entities, in source file scfifo.v
    Info (12023): Found entity 1: scfifo
Info (12021): Found 1 design units, including 1 entities, in source file fifobuffer.v
    Info (12023): Found entity 1: FIFOBuffer
Info (12127): Elaborating entity "FIFOBuffer" for the top level hierarchy
Warning (10230): Verilog HDL assignment warning at FIFOBuffer.v(32): truncated value with size 32 to match size of target (3)
Warning (10230): Verilog HDL assignment warning at FIFOBuffer.v(33): truncated value with size 32 to match size of target (4)
Warning (10230): Verilog HDL assignment warning at FIFOBuffer.v(36): truncated value with size 13 to match size of target (12)
Warning (10230): Verilog HDL assignment warning at FIFOBuffer.v(37): truncated value with size 32 to match size of target (3)
Warning (10230): Verilog HDL assignment warning at FIFOBuffer.v(38): truncated value with size 32 to match size of target (4)
Warning (10230): Verilog HDL assignment warning at FIFOBuffer.v(42): truncated value with size 32 to match size of target (3)
Warning (10230): Verilog HDL assignment warning at FIFOBuffer.v(43): truncated value with size 32 to match size of target (4)
Warning (10230): Verilog HDL assignment warning at FIFOBuffer.v(46): truncated value with size 13 to match size of target (12)
Warning (10230): Verilog HDL assignment warning at FIFOBuffer.v(47): truncated value with size 32 to match size of target (3)
Warning (10230): Verilog HDL assignment warning at FIFOBuffer.v(48): truncated value with size 32 to match size of target (4)
Warning (10230): Verilog HDL assignment warning at FIFOBuffer.v(52): truncated value with size 13 to match size of target (12)
Warning (10230): Verilog HDL assignment warning at FIFOBuffer.v(53): truncated value with size 32 to match size of target (3)
Warning (10230): Verilog HDL assignment warning at FIFOBuffer.v(54): truncated value with size 32 to match size of target (3)
Warning (276020): Inferred RAM node "stack_rtl_0" from synchronous design logic.  Pass-through logic has been added to match the read-during-write behavior of the original design.
Info (19000): Inferred 1 megafunctions from design logic
    Info (276029): Inferred altsyncram megafunction from the following design logic: "stack_rtl_0" 
        Info (286033): Parameter OPERATION_MODE set to DUAL_PORT
        Info (286033): Parameter WIDTH_A set to 12
        Info (286033): Parameter WIDTHAD_A set to 3
        Info (286033): Parameter NUMWORDS_A set to 8
        Info (286033): Parameter WIDTH_B set to 12
        Info (286033): Parameter WIDTHAD_B set to 3
        Info (286033): Parameter NUMWORDS_B set to 8
        Info (286033): Parameter ADDRESS_ACLR_A set to NONE
        Info (286033): Parameter OUTDATA_REG_B set to UNREGISTERED
        Info (286033): Parameter ADDRESS_ACLR_B set to NONE
        Info (286033): Parameter OUTDATA_ACLR_B set to NONE
        Info (286033): Parameter ADDRESS_REG_B set to CLOCK0
        Info (286033): Parameter INDATA_ACLR_A set to NONE
        Info (286033): Parameter WRCONTROL_ACLR_A set to NONE
        Info (286033): Parameter READ_DURING_WRITE_MODE_MIXED_PORTS set to OLD_DATA
Info (12130): Elaborated megafunction instantiation "altsyncram:stack_rtl_0"
Info (12133): Instantiated megafunction "altsyncram:stack_rtl_0" with the following parameter:
    Info (12134): Parameter "OPERATION_MODE" = "DUAL_PORT"
    Info (12134): Parameter "WIDTH_A" = "12"
    Info (12134): Parameter "WIDTHAD_A" = "3"
    Info (12134): Parameter "NUMWORDS_A" = "8"
    Info (12134): Parameter "WIDTH_B" = "12"
    Info (12134): Parameter "WIDTHAD_B" = "3"
    Info (12134): Parameter "NUMWORDS_B" = "8"
    Info (12134): Parameter "ADDRESS_ACLR_A" = "NONE"
    Info (12134): Parameter "OUTDATA_REG_B" = "UNREGISTERED"
    Info (12134): Parameter "ADDRESS_ACLR_B" = "NONE"
    Info (12134): Parameter "OUTDATA_ACLR_B" = "NONE"
    Info (12134): Parameter "ADDRESS_REG_B" = "CLOCK0"
    Info (12134): Parameter "INDATA_ACLR_A" = "NONE"
    Info (12134): Parameter "WRCONTROL_ACLR_A" = "NONE"
    Info (12134): Parameter "READ_DURING_WRITE_MODE_MIXED_PORTS" = "OLD_DATA"
Info (12021): Found 1 design units, including 1 entities, in source file db/altsyncram_3fo1.tdf
    Info (12023): Found entity 1: altsyncram_3fo1
Warning (13024): Output pins are stuck at VCC or GND
    Warning (13410): Pin "stack_full" is stuck at GND
Info (286030): Timing-Driven Synthesis is running
Info (16010): Generating hard_block partition "hard_block:auto_generated_inst"
    Info (16011): Adding 0 node(s), including 0 DDIO, 0 PLL, 0 transceiver and 0 LCELL
Info (21057): Implemented 109 device resources after synthesis - the final resource count might be different
    Info (21058): Implemented 16 input pins
    Info (21059): Implemented 15 output pins
    Info (21061): Implemented 66 logic cells
    Info (21064): Implemented 12 RAM segments
Info: Quartus II 64-Bit Analysis & Synthesis was successful. 0 errors, 18 warnings
    Info: Peak virtual memory: 670 megabytes
    Info: Processing ended: Sat Jun 02 19:32:26 2018
    Info: Elapsed time: 00:00:10
    Info: Total CPU time (on all processors): 00:00:26


